<?xml version="1.0" encoding="UTF-8"?>
<!-- Generated by org.testng.reporters.JUnitReportReporter -->
<testsuite hostname="Raryan" failures="0" tests="7" name="Demo.AppiumFramework.TestHybridApp" time="284.734" errors="0" timestamp="2023-05-29T13:03:51 IST" skipped="0">
  <testcase classname="Demo.AppiumFramework.TestHybridApp" name="bookNow" time="82.003"/>
  <system-out/>
  <testcase classname="Demo.AppiumFramework.TestHybridApp" name="menuBar_bookings" time="30.348"/>
  <system-out/>
  <testcase classname="Demo.AppiumFramework.TestHybridApp" name="aboutUs" time="23.909"/>
  <system-out/>
  <testcase classname="Demo.AppiumFramework.TestHybridApp" name="informationCenter" time="46.405"/>
  <system-out/>
  <testcase classname="Demo.AppiumFramework.TestHybridApp" name="Profile" time="35.491"/>
  <system-out/>
  <testcase classname="Demo.AppiumFramework.TestHybridApp" name="appLanguage" time="22.416"/>
  <system-out/>
  <testcase classname="Demo.AppiumFramework.TestHybridApp" name="callUs" time="44.162"/>
  <system-out/>
</testsuite> <!-- Demo.AppiumFramework.TestHybridApp -->
